<?xml version="1.0" encoding="UTF-8"?>
<testsuite xmlns:xsi="http://www.w3.org/2001/XMLSchema-instance" xsi:noNamespaceSchemaLocation="https://maven.apache.org/surefire/maven-surefire-plugin/xsd/surefire-test-report.xsd" name="test.CanvasTest" time="0.224" tests="27" errors="0" skipped="0" failures="0">
  <properties>
[...]
</properties>
  <testcase name="failCanvasValidationIsValid" classname="test.CanvasTest" time="0.012"/>
  <testcase name="failRectangleValidationIsCreated" classname="test.CanvasTest" time="0.001"/>
  <testcase name="createOneLineAndPaintOnLine" classname="test.CanvasTest" time="0"/>
  <testcase name="createOneRectangleAndPaintOnOuterArea" classname="test.CanvasTest" time="0"/>
  <testcase name="failLineValidationIsValid" classname="test.CanvasTest" time="0.004"/>
  <testcase name="passCreateRectangle" classname="test.CanvasTest" time="0"/>
  <testcase name="successCreateLargeCanvas" classname="test.CanvasTest" time="0.034"/>
  <testcase name="passCanvasValidationIsValid" classname="test.CanvasTest" time="0.001"/>
  <testcase name="passCanvasValidationIsCreated" classname="test.CanvasTest" time="0"/>
  <testcase name="failCanvasValidationIsCreated" classname="test.CanvasTest" time="0.006"/>
  <testcase name="createOneLineAndPaintOnCanvas" classname="test.CanvasTest" time="0"/>
  <testcase name="successCreateCanvas" classname="test.CanvasTest" time="0"/>
  <testcase name="failCanvasValidationIsInCanvas" classname="test.CanvasTest" time="0.051"/>
  <testcase name="passCanvasValidationIsInCanvas" classname="test.CanvasTest" time="0"/>
  <testcase name="passRectangleValidationIsCreated" classname="test.CanvasTest" time="0"/>
  <testcase name="createOneRectangleAndPaintOnInnerArea" classname="test.CanvasTest" time="0"/>
  <testcase name="passCreateCoordinate" classname="test.CanvasTest" time="0"/>
  <testcase name="failCreateLine" classname="test.CanvasTest" time="0.007"/>
  <testcase name="createLinesAndRectangleAndPaintOnDifferentArea" classname="test.CanvasTest" time="0"/>
  <testcase name="failLineValidationIsCreated" classname="test.CanvasTest" time="0.001"/>
  <testcase name="passCreateLine" classname="test.CanvasTest" time="0"/>
  <testcase name="failCreateRectangle" classname="test.CanvasTest" time="0.004"/>
  <testcase name="passLineValidationIsValid" classname="test.CanvasTest" time="0"/>
  <testcase name="loadTest" classname="test.CanvasTest" time="0"/>
  <testcase name="createOneRectangleAndPaintOnRectangle" classname="test.CanvasTest" time="0"/>
  <testcase name="passLineValidationIsValidOutsideCanvas" classname="test.CanvasTest" time="0"/>
  <testcase name="passLineValidationIsCreated" classname="test.CanvasTest" time="0"/>
</testsuite>